2022-02-03 08:31:50.666 | WARNING  | ccfatigue.data_checker:check_column_unit:139 - Max value for column 0     1
1    10
Name: machine_n_cycles, dtype: int64 is not respected
2022-02-03 08:31:50.668 | WARNING  | ccfatigue.data_checker:check_column_unit:139 - Max value for column 0       1
1    9999
Name: machine_n_cycles, dtype: int64 is not respected
2022-02-03 08:32:27.347 | WARNING  | ccfatigue.data_checker:check_column_unit:139 - Max value for column 0     1
1    10
Name: machine_n_cycles, dtype: int64 is not respected
2022-02-03 08:32:27.350 | WARNING  | ccfatigue.data_checker:check_column_unit:139 - Max value for column 0       1
1    9999
Name: machine_n_cycles, dtype: int64 is not respected
2022-02-03 08:33:29.161 | WARNING  | ccfatigue.data_checker:check_column_unit:140 - Max value for column 0     1
1    10
Name: machine_n_cycles, dtype: int64 is not respected
2022-02-03 08:33:29.164 | WARNING  | ccfatigue.data_checker:check_column_unit:140 - Max value for column 0       1
1    9999
Name: machine_n_cycles, dtype: int64 is not respected
2022-02-03 08:33:51.596 | WARNING  | ccfatigue.data_checker:check_column_unit:140 - Max value for column 0     1
1    10
Name: machine_n_cycles, dtype: int64 is not respected
2022-02-03 08:33:51.599 | WARNING  | ccfatigue.data_checker:check_column_unit:140 - Max value for column 0       1
1    9999
Name: machine_n_cycles, dtype: int64 is not respected
2022-02-03 08:34:12.874 | WARNING  | ccfatigue.data_checker:check_column_unit:140 - Max value for column 0     1
1    10
Name: machine_n_cycles, dtype: int64 is not respected
2022-02-03 08:34:12.876 | WARNING  | ccfatigue.data_checker:check_column_unit:140 - Max value for column 0       1
1    9999
Name: machine_n_cycles, dtype: int64 is not respected
2022-02-03 08:34:30.777 | WARNING  | ccfatigue.data_checker:check_column_unit:140 - Max value for column 0     1
1    10
Name: machine_n_cycles, dtype: int64 is not respected
2022-02-03 08:34:30.779 | WARNING  | ccfatigue.data_checker:check_column_unit:140 - Max value for column 0       1
1    9999
Name: machine_n_cycles, dtype: int64 is not respected
2022-02-03 08:34:30.782 | WARNING  | ccfatigue.data_checker:check_column_unit:134 - Min value for column 1    9.0
Name: machine_n_cycles, dtype: float64 is not respected
2022-02-03 08:34:47.205 | WARNING  | ccfatigue.data_checker:check_column_unit:140 - Max value for column 0     1
1    10
Name: machine_n_cycles, dtype: int64 is not respected
2022-02-03 08:34:47.210 | WARNING  | ccfatigue.data_checker:check_column_unit:140 - Max value for column 0       1
1    9999
Name: machine_n_cycles, dtype: int64 is not respected
2022-02-03 08:34:47.214 | WARNING  | ccfatigue.data_checker:check_column_unit:134 - Min value for column 0    9.0
Name: machine_n_cycles, dtype: float64 is not respected
2022-02-03 08:39:13.434 | WARNING  | ccfatigue.data_checker:check_column_unit:141 - Max value for column 0     1
1    10
Name: machine_n_cycles, dtype: int64 is not respected
2022-02-03 08:39:13.436 | WARNING  | ccfatigue.data_checker:check_column_unit:141 - Max value for column 0       1
1    9999
Name: machine_n_cycles, dtype: int64 is not respected
2022-02-03 08:39:13.438 | WARNING  | ccfatigue.data_checker:check_column_unit:135 - Min value for column 0    9.0
Name: machine_n_cycles, dtype: float64 is not respected
